Mon Aug 14 14:26:22 CST 2017
docker service running
Tue Nov  7 15:47:24 CST 2017
docker service running
Tue Nov  7 15:48:51 CST 2017
docker service restart
Tue Nov  7 16:02:40 CST 2017
docker service running
Tue Nov  7 16:04:55 CST 2017
docker service restart
Tue Nov  7 16:07:11 CST 2017
docker service restart!!!!!!!!!!!!!!!!!!!!!!!!!!!!!!!!!
Tue Nov  7 16:07:37 CST 2017
docker service running.
Tue Nov  7 16:07:44 CST 2017
docker service running.
Tue Nov  7 16:07:45 CST 2017
docker service running.
Tue Nov  7 16:07:50 CST 2017
docker service running.
Tue Nov  7 16:55:48 CST 2017
docker service running.
Tue Nov  7 17:01:12 CST 2017
docker service running.
