Fri Aug 11 17:34:35 CST 2017
docker service running
Fri Aug 11 22:20:52 CST 2017
docker service running
Fri Aug 11 22:21:16 CST 2017
docker service restart
Sat Aug 12 16:23:53 CST 2017
docker service running
Mon Aug 14 08:44:24 CST 2017
docker service running
Mon Aug 14 08:44:44 CST 2017
docker service running
Mon Aug 14 08:45:05 CST 2017
docker service restart
Mon Aug 14 11:08:38 CST 2017
docker service restart
Mon Aug 14 12:00:01 CST 2017
docker service running
Mon Aug 14 12:13:01 CST 2017
docker service restart
Mon Aug 14 12:26:01 CST 2017
docker service restart
Mon Aug 14 12:39:01 CST 2017
docker service restart
Mon Aug 14 12:52:01 CST 2017
docker service restart
Mon Aug 14 14:20:04 CST 2017
docker service running
